============================= test session starts =============================
platform win32 -- Python 3.13.14, pytest-9.1.1, pluggy-1.6.0 -- C:\Users\User\AppData\Local\Microsoft\WindowsApps\PythonSoftwareFoundation.Python.3.13_qbz5n2kfra8p0\python.exe
cachedir: .pytest_cache
rootdir: C:\dev\180climate-app
configfile: pyproject.toml
plugins: anyio-4.13.0
collecting ... collected 26 items

tests/test_contracts.py::test_contracts_importable PASSED                [  3%]
tests/test_contracts.py::test_carbon_gates_defaults PASSED               [  7%]
tests/test_contracts.py::test_eudr_config_defaults PASSED                [ 11%]
tests/test_contracts.py::test_methodology_route_additionality_default PASSED [ 15%]
tests/test_contracts.py::test_carbon_estimate_is_range PASSED            [ 19%]
tests/test_slice.py::test_parse_coords_basic PASSED                      [ 23%]
tests/test_slice.py::test_parse_coords_space_separated PASSED            [ 26%]
tests/test_slice.py::test_parse_geojson_polygon PASSED                   [ 30%]
tests/test_slice.py::test_parse_malformed_coords_raises PASSED           [ 34%]
tests/test_slice.py::test_parse_missing_coords_raises PASSED             [ 38%]
tests/test_slice.py::test_parse_invalid_geojson_raises PASSED            [ 42%]
tests/test_slice.py::test_parse_shapefile_raises PASSED                  [ 46%]
tests/test_slice.py::test_forest_stub_deterministic PASSED               [ 50%]
tests/test_slice.py::test_forest_stub_has_loss_data PASSED               [ 53%]
tests/test_slice.py::test_golden_case PASSED                             [ 57%]
tests/test_slice.py::test_carbon_engine_deterministic PASSED             [ 61%]
tests/test_slice.py::test_estimate_is_always_range PASSED                [ 65%]
tests/test_slice.py::test_hti_route_is_planned PASSED                    [ 69%]
tests/test_slice.py::test_ha_route_is_planned PASSED                     [ 73%]
tests/test_slice.py::test_eligibility_hard_no_on_bad_permit PASSED       [ 76%]
tests/test_slice.py::test_email_called_with_correct_to PASSED            [ 80%]
tests/test_slice.py::test_health PASSED                                  [ 84%]
tests/test_slice.py::test_carbon_api_coords PASSED                       [ 88%]
tests/test_slice.py::test_carbon_api_geojson PASSED                      [ 92%]
tests/test_slice.py::test_carbon_api_bad_geo_422 PASSED                  [ 96%]
tests/test_slice.py::test_lead_api PASSED                                [100%]

============================== warnings summary ===============================
..\..\Users\User\AppData\Local\Packages\PythonSoftwareFoundation.Python.3.13_qbz5n2kfra8p0\LocalCache\local-packages\Python313\site-packages\fastapi\testclient.py:1
  C:\Users\User\AppData\Local\Packages\PythonSoftwareFoundation.Python.3.13_qbz5n2kfra8p0\LocalCache\local-packages\Python313\site-packages\fastapi\testclient.py:1: StarletteDeprecationWarning: Using `httpx` with `starlette.testclient` is deprecated; install `httpx2` instead.
    from starlette.testclient import TestClient as TestClient  # noqa

-- Docs: https://docs.pytest.org/en/stable/how-to/capture-warnings.html
======================== 26 passed, 1 warning in 0.68s ========================
